[20:39:01] [ServerMain/INFO]: Environment: authHost='https://authserver.mojang.com', accountsHost='https://api.mojang.com', sessionHost='https://sessionserver.mojang.com', servicesHost='https://api.minecraftservices.com', name='PROD'
[20:39:04] [ServerMain/INFO]: Loaded 7 recipes
[20:39:04] [ServerMain/INFO]: Loaded 1271 advancements
[20:39:05] [Server thread/INFO]: Starting minecraft server version 1.20.1
[20:39:05] [Server thread/INFO]: Loading properties
[20:39:05] [Server thread/INFO]: Default game type: SURVIVAL
[20:39:05] [Server thread/INFO]: Generating keypair
[20:39:05] [Server thread/INFO]: Starting Minecraft server on *:25565
[20:39:05] [Server thread/INFO]: Using epoll channel type
[20:39:05] [Server thread/WARN]: **** SERVER IS RUNNING IN OFFLINE/INSECURE MODE!
[20:39:05] [Server thread/WARN]: The server will make no attempt to authenticate usernames. Beware.
[20:39:05] [Server thread/WARN]: While this makes the game possible to play without internet access, it also opens up the ability for hackers to connect with any username they choose.
[20:39:05] [Server thread/WARN]: To change this, set "online-mode" to "true" in the server.properties file.
[20:39:05] [Server thread/INFO]: Preparing level "world"
[20:39:17] [Server thread/INFO]: Preparing start region for dimension minecraft:overworld
[20:39:19] [Worker-Main-1/INFO]: Preparing spawn area: 0%
[20:39:19] [Worker-Main-1/INFO]: Preparing spawn area: 0%
[20:39:19] [Worker-Main-1/INFO]: Preparing spawn area: 0%
[20:39:19] [Worker-Main-1/INFO]: Preparing spawn area: 0%
[20:39:19] [Worker-Main-1/INFO]: Preparing spawn area: 0%
[20:39:20] [Worker-Main-1/INFO]: Preparing spawn area: 0%
[20:39:20] [Worker-Main-1/INFO]: Preparing spawn area: 0%
[20:39:21] [Worker-Main-1/INFO]: Preparing spawn area: 0%
[20:39:21] [Worker-Main-1/INFO]: Preparing spawn area: 0%
[20:39:22] [Worker-Main-1/INFO]: Preparing spawn area: 0%
[20:39:22] [Worker-Main-1/INFO]: Preparing spawn area: 0%
[20:39:23] [Worker-Main-1/INFO]: Preparing spawn area: 0%
[20:39:23] [Worker-Main-1/INFO]: Preparing spawn area: 0%
[20:39:24] [Worker-Main-1/INFO]: Preparing spawn area: 0%
[20:39:24] [Worker-Main-1/INFO]: Preparing spawn area: 0%
[20:39:25] [Worker-Main-1/INFO]: Preparing spawn area: 0%
[20:39:26] [Worker-Main-1/INFO]: Preparing spawn area: 0%
[20:39:26] [Worker-Main-1/INFO]: Preparing spawn area: 0%
[20:39:26] [Worker-Main-1/INFO]: Preparing spawn area: 0%
[20:39:27] [Worker-Main-1/INFO]: Preparing spawn area: 0%
[20:39:27] [Worker-Main-1/INFO]: Preparing spawn area: 0%
[20:39:28] [Worker-Main-1/INFO]: Preparing spawn area: 0%
[20:39:28] [Worker-Main-1/INFO]: Preparing spawn area: 0%
[20:39:29] [Worker-Main-1/INFO]: Preparing spawn area: 0%
[20:39:29] [Worker-Main-1/INFO]: Preparing spawn area: 0%
[20:39:30] [Worker-Main-1/INFO]: Preparing spawn area: 0%
[20:39:30] [Worker-Main-1/INFO]: Preparing spawn area: 0%
[20:39:31] [Worker-Main-1/INFO]: Preparing spawn area: 0%
[20:39:31] [Worker-Main-1/INFO]: Preparing spawn area: 0%
[20:39:32] [Worker-Main-1/INFO]: Preparing spawn area: 0%
[20:39:32] [Worker-Main-1/INFO]: Preparing spawn area: 0%
[20:39:33] [Worker-Main-1/INFO]: Preparing spawn area: 0%
[20:39:33] [Worker-Main-1/INFO]: Preparing spawn area: 0%
[20:39:34] [Worker-Main-1/INFO]: Preparing spawn area: 0%
[20:39:34] [Worker-Main-1/INFO]: Preparing spawn area: 0%
[20:39:35] [Worker-Main-1/INFO]: Preparing spawn area: 0%
[20:39:35] [Worker-Main-1/INFO]: Preparing spawn area: 0%
[20:39:36] [Worker-Main-1/INFO]: Preparing spawn area: 0%
[20:39:36] [Worker-Main-1/INFO]: Preparing spawn area: 0%
[20:39:37] [Worker-Main-1/INFO]: Preparing spawn area: 0%
[20:39:37] [Worker-Main-1/INFO]: Preparing spawn area: 0%
[20:39:38] [Worker-Main-1/INFO]: Preparing spawn area: 0%
[20:39:38] [Worker-Main-1/INFO]: Preparing spawn area: 2%
[20:39:39] [Worker-Main-6/INFO]: Preparing spawn area: 5%
[20:39:39] [Worker-Main-6/INFO]: Preparing spawn area: 5%
[20:39:40] [Worker-Main-6/INFO]: Preparing spawn area: 16%
[20:39:40] [Worker-Main-6/INFO]: Preparing spawn area: 27%
[20:39:41] [Worker-Main-6/INFO]: Preparing spawn area: 28%
[20:39:41] [Worker-Main-6/INFO]: Preparing spawn area: 30%
[20:39:42] [Worker-Main-6/INFO]: Preparing spawn area: 31%
[20:39:42] [Worker-Main-6/INFO]: Preparing spawn area: 32%
[20:39:43] [Worker-Main-6/INFO]: Preparing spawn area: 32%
[20:39:43] [Worker-Main-6/INFO]: Preparing spawn area: 34%
[20:39:44] [Worker-Main-6/INFO]: Preparing spawn area: 35%
[20:39:44] [Worker-Main-6/INFO]: Preparing spawn area: 36%
[20:39:45] [Worker-Main-6/INFO]: Preparing spawn area: 37%
[20:39:45] [Worker-Main-6/INFO]: Preparing spawn area: 38%
[20:39:46] [Worker-Main-6/INFO]: Preparing spawn area: 40%
[20:39:46] [Worker-Main-6/INFO]: Preparing spawn area: 42%
[20:39:47] [Worker-Main-6/INFO]: Preparing spawn area: 43%
[20:39:47] [Worker-Main-6/INFO]: Preparing spawn area: 44%
[20:39:48] [Worker-Main-6/INFO]: Preparing spawn area: 45%
[20:39:48] [Worker-Main-6/INFO]: Preparing spawn area: 45%
[20:39:49] [Worker-Main-6/INFO]: Preparing spawn area: 48%
[20:39:49] [Worker-Main-6/INFO]: Preparing spawn area: 48%
[20:39:50] [Worker-Main-6/INFO]: Preparing spawn area: 48%
[20:39:50] [Worker-Main-6/INFO]: Preparing spawn area: 48%
[20:39:51] [Worker-Main-6/INFO]: Preparing spawn area: 48%
[20:39:51] [Worker-Main-6/INFO]: Preparing spawn area: 48%
[20:39:52] [Worker-Main-6/INFO]: Preparing spawn area: 48%
[20:39:52] [Worker-Main-6/INFO]: Preparing spawn area: 48%
[20:39:53] [Worker-Main-6/INFO]: Preparing spawn area: 48%
[20:39:53] [Worker-Main-6/INFO]: Preparing spawn area: 48%
[20:39:54] [Worker-Main-6/INFO]: Preparing spawn area: 48%
[20:39:54] [Worker-Main-6/INFO]: Preparing spawn area: 48%
[20:39:55] [Worker-Main-6/INFO]: Preparing spawn area: 48%
[20:39:55] [Worker-Main-6/INFO]: Preparing spawn area: 48%
[20:39:56] [Worker-Main-6/INFO]: Preparing spawn area: 48%
[20:39:56] [Worker-Main-6/INFO]: Preparing spawn area: 48%
[20:39:57] [Worker-Main-6/INFO]: Preparing spawn area: 48%
[20:39:57] [Worker-Main-6/INFO]: Preparing spawn area: 48%
[20:39:58] [Worker-Main-6/INFO]: Preparing spawn area: 48%
[20:39:58] [Worker-Main-6/INFO]: Preparing spawn area: 48%
[20:39:59] [Worker-Main-6/INFO]: Preparing spawn area: 48%
[20:39:59] [Worker-Main-6/INFO]: Preparing spawn area: 48%
[20:40:00] [Worker-Main-6/INFO]: Preparing spawn area: 48%
[20:40:00] [Worker-Main-6/INFO]: Preparing spawn area: 48%
[20:40:01] [Worker-Main-6/INFO]: Preparing spawn area: 48%
[20:40:01] [Worker-Main-6/INFO]: Preparing spawn area: 48%
[20:40:02] [Worker-Main-6/INFO]: Preparing spawn area: 48%
[20:40:02] [Worker-Main-6/INFO]: Preparing spawn area: 48%
[20:40:03] [Worker-Main-6/INFO]: Preparing spawn area: 48%
[20:40:03] [Worker-Main-6/INFO]: Preparing spawn area: 48%
[20:40:05] [Server thread/INFO]: Time elapsed: 47634 ms
[20:40:05] [Server thread/INFO]: Done (59.641s)! For help, type "help"
[20:40:56] [Server thread/INFO]: WhinFarm[/127.56.14.115:35683] logged in with entity id 152 at (-56.5, 63.0, 217.5)
[20:40:56] [Server thread/INFO]: WhinFarm joined the game
[20:43:47] [Server thread/INFO]: Jadenkatorn[/127.243.252.91:40637] logged in with entity id 731 at (-57.5, 67.0, 224.5)
[20:43:47] [Server thread/INFO]: Jadenkatorn joined the game
[20:46:16] [Server thread/WARN]: Mismatch in destroy block pos: gu{x=-26, y=54, z=199} gu{x=-25, y=53, z=200}
[20:47:39] [Server thread/WARN]: Mismatch in destroy block pos: gu{x=-59, y=63, z=222} gu{x=-59, y=62, z=223}
[20:49:50] [Server thread/INFO]: Jadenkatorn was slain by WhinFarm
[20:51:10] [Server thread/INFO]: WhinFarm was slain by Jadenkatorn
[20:51:43] [Server thread/INFO]: Jadenkatorn has made the advancement [Suit Up]
[20:52:21] [Server thread/INFO]: Jadenkatorn has made the advancement [Monster Hunter]
[20:53:28] [Server thread/INFO]: WhinFarm has made the advancement [Monster Hunter]
[20:53:41] [Server thread/INFO]: WhinFarm has made the advancement [Sweet Dreams]
[20:53:57] [Server thread/INFO]: Jadenkatorn has made the advancement [Sweet Dreams]
[20:54:17] [Server thread/INFO]: [Not Secure] <WhinFarm> zzzzzzzzzz
[20:57:24] [Server thread/INFO]: Jadenkatorn has made the advancement [Stone Age]
[20:57:48] [Server thread/INFO]: Jadenkatorn has made the advancement [Getting an Upgrade]
[21:01:18] [Server thread/INFO]: WhinFarm lost connection: Disconnected
[21:01:18] [Server thread/INFO]: WhinFarm left the game
[21:14:44] [Server thread/INFO]: Null[/127.56.14.115:58367] logged in with entity id 6196 at (-58.5, 66.0, 221.5)
[21:14:44] [Server thread/INFO]: Null joined the game
[21:16:46] [Server thread/INFO]: Jadenkatorn has made the advancement [Acquire Hardware]
[21:17:22] [Server thread/INFO]: Null lost connection: Disconnected
[21:17:22] [Server thread/INFO]: Null left the game
[21:19:01] [Server thread/INFO]: Jadenkatorn has made the advancement [Isn't It Iron Pick]
[21:44:13] [Server thread/INFO]: Jadenkatorn has made the advancement [Not Today, Thank You]
[21:46:06] [Server thread/INFO]: Jadenkatorn lost connection: Disconnected
[21:46:06] [Server thread/INFO]: Jadenkatorn left the game
[21:47:16] [Server thread/INFO]: Jadenkatorn[/127.243.252.91:50271] logged in with entity id 11878 at (-219.86496303872377, -8.0, 265.50050042445986)
[21:47:16] [Server thread/INFO]: Jadenkatorn joined the game
[21:57:05] [Server thread/INFO]: WhinFarm[/127.56.14.115:55763] logged in with entity id 13729 at (-179.45133216463543, 69.0, 241.6973064432012)
[21:57:05] [Server thread/INFO]: WhinFarm joined the game
[21:57:19] [Server thread/INFO]: WhinFarm lost connection: Disconnected
[21:57:19] [Server thread/INFO]: WhinFarm left the game
[22:25:50] [Server thread/INFO]: Villager byb['Armorer'/55, l='ServerLevel[world]', x=-148.30, y=67.94, z=264.05] died, message: 'Armorer was slain by Zombie'
[22:27:25] [Server thread/INFO]: GrondKing[/127.56.14.115:57159] logged in with entity id 16723 at (-56.5, 64.0, 234.5)
[22:27:25] [Server thread/INFO]: GrondKing joined the game
[22:29:41] [Server thread/INFO]: Teleported GrondKing to Jadenkatorn
[22:30:17] [Server thread/INFO]: Set GrondKing's game mode to Creative Mode
[22:30:38] [Server thread/INFO]: A player is required to run this command here
[22:31:18] [Server thread/INFO]: Set GrondKing's game mode to Survival Mode
[22:31:27] [Server thread/INFO]: GrondKing has made the advancement [Acquire Hardware]
